app/build/intermediates/manifest_merge_blame_file/debug/manifest-merger-blame-debug-report.txt
1<?xml version="1.0" encoding="utf-8"?>
2<manifest xmlns:android="http://schemas.android.com/apk/res/android"
3    package="com.example.composenetworking"
4    android:versionCode="1"
5    android:versionName="1.0" >
6
7    <uses-sdk
8        android:minSdkVersion="23"
8-->src\main\AndroidManifest.xml
9        android:targetSdkVersion="29" />
9-->src\main\AndroidManifest.xml
10
11    <uses-permission android:name="android.permission.INTERNET" />
11-->src\main\AndroidManifest.xml:5:5-67
11-->src\main\AndroidManifest.xml:5:22-64
12
13    <application
13-->src\main\AndroidManifest.xml:7:5-24:19
14        android:allowBackup="true"
14-->src\main\AndroidManifest.xml:8:9-35
15        android:appComponentFactory="androidx.core.app.CoreComponentFactory"
15-->[androidx.core:core:1.1.0] AndroidManifest.xml:24:18-86
16        android:debuggable="true"
17        android:extractNativeLibs="false"
18        android:icon="@mipmap/ic_launcher"
18-->src\main\AndroidManifest.xml:9:9-43
19        android:label="@string/app_name"
19-->src\main\AndroidManifest.xml:10:9-41
20        android:roundIcon="@mipmap/ic_launcher_round"
20-->src\main\AndroidManifest.xml:11:9-54
21        android:supportsRtl="true"
21-->src\main\AndroidManifest.xml:12:9-35
22        android:testOnly="true"
23        android:theme="@style/AppTheme" >
23-->src\main\AndroidManifest.xml:13:9-40
24        <activity
24-->src\main\AndroidManifest.xml:14:9-23:20
25            android:name="com.example.composenetworking.MainActivity"
25-->src\main\AndroidManifest.xml:15:13-41
26            android:label="@string/app_name"
26-->src\main\AndroidManifest.xml:16:13-45
27            android:theme="@style/AppTheme" >
27-->src\main\AndroidManifest.xml:17:13-44
28            <intent-filter>
28-->src\main\AndroidManifest.xml:18:13-22:29
29                <action android:name="android.intent.action.MAIN" />
29-->src\main\AndroidManifest.xml:19:17-69
29-->src\main\AndroidManifest.xml:19:25-66
30
31                <category android:name="android.intent.category.LAUNCHER" />
31-->src\main\AndroidManifest.xml:21:17-77
31-->src\main\AndroidManifest.xml:21:27-74
32            </intent-filter>
33        </activity>
34
35        <provider
35-->[io.coil-kt:coil:0.8.0] AndroidManifest.xml:10:9-13:40
36            android:name="coil.util.CoilContentProvider"
36-->[io.coil-kt:coil:0.8.0] AndroidManifest.xml:11:13-57
37            android:authorities="com.example.composenetworking.coil"
37-->[io.coil-kt:coil:0.8.0] AndroidManifest.xml:12:13-56
38            android:exported="false" />
38-->[io.coil-kt:coil:0.8.0] AndroidManifest.xml:13:13-37
39    </application>
40
41</manifest>